<?xml version="1.0" encoding="UTF-8"?>
<Site BuildName="Win32-ninja"
	BuildStamp="20230531-1708-Continuous"
	Name="LAPTOP-JTPRBOVN"
	Generator="ctest-3.25.2"
	CompilerName="C:/Program Files/mingw-w64/x86_64-8.1.0-posix-seh-rt_v6-rev0/mingw64/bin/c++.exe"
	CompilerVersion="8.1.0"
	OSName="Windows"
	Hostname="LAPTOP-JTPRBOVN"
	OSRelease=" Personal"
	OSVersion=" (Build 22621)"
	OSPlatform="AMD64"
	Is64Bits="1"
	VendorString="AuthenticAMD"
	VendorID="Advanced Micro Devices"
	FamilyID="15"
	ModelID="0"
	ProcessorCacheSize="64"
	NumberOfLogicalCPU="12"
	NumberOfPhysicalCPU="6"
	TotalVirtualMemory="16765"
	TotalPhysicalMemory="7549"
	LogicalProcessorsPerPhysical="2"
	ProcessorClockFrequency="2994"
	>
	<Configure>
		<StartDateTime>May 31 20:08 RTZ 2 ([NON-UTF-8-BYTE-0xE7][NON-UTF-8-BYTE-0xE8][NON-UTF-8-BYTE-0xEC][NON-UTF-8-BYTE-0xE0])</StartDateTime>
		<StartConfigureTime>1685552918</StartConfigureTime>
		<ConfigureCommand>"D:/EDU_Programs/CLion 2023.1.3/bin/cmake/win/x64/bin/cmake.exe" "C:/Projects/CLionProjects/CourseWork/cmake-build-debug/_deps/json-src"</ConfigureCommand>
		<Log>-- Building for: Visual Studio 17 2022
-- Selecting Windows SDK version 10.0.22000.0 to target Windows 10.0.22621.
-- The CXX compiler identification is MSVC 19.34.31937.0
-- Detecting CXX compiler ABI info
-- Detecting CXX compiler ABI info - done
-- Check for working CXX compiler: C:/Program Files/Microsoft Visual Studio/2022/Community/VC/Tools/MSVC/14.34.31933/bin/Hostx64/x64/cl.exe - skipped
-- Detecting CXX compile features
-- Detecting CXX compile features - done
-- Using the single-header code from C:/Projects/CLionProjects/CourseWork/cmake-build-debug/_deps/json-src/single_include/
-- Configuring done
-- Generating done
-- Build files have been written to: C:/Projects/CLionProjects/CourseWork/cmake-build-debug/_deps/json-build
</Log>
		<ConfigureStatus>0</ConfigureStatus>
		<EndDateTime>May 31 20:08 RTZ 2 ([NON-UTF-8-BYTE-0xE7][NON-UTF-8-BYTE-0xE8][NON-UTF-8-BYTE-0xEC][NON-UTF-8-BYTE-0xE0])</EndDateTime>
		<EndConfigureTime>1685552923</EndConfigureTime>
		<ElapsedMinutes>0</ElapsedMinutes>
	</Configure>
</Site>
